[ERR!] cwd  : C:\webserver\htdocs\tn
[ERR!] os   : Windows_NT 6.1.7601
[ERR!] argv : "C:\\Program Files\\nodejs\\node.exe" "C:\\Users\\kolu0897\\AppData\\Roaming\\npm\\node_modules\\tsd\\build\\cli.js" "install" "angular"
[ERR!] node : v4.4.3
[ERR!] tsd  : 0.6.5
[ERR!] Error: connect ECONNREFUSED 192.30.253.117:443
[ERR!] CODE : ECONNREFUSED
[ERR!] Error: connect ECONNREFUSED 192.30.253.117:443
[ERR!] 
If you are behind a proxy, please make sure that the 'proxy' config
 is set properly.  See: https://github.com/DefinitelyTyped/tsd#tsdrc
[ERR!] 
Error: connect ECONNREFUSED 192.30.253.117:443
    at Object.exports._errnoException (util.js:870:11)
    at exports._exceptionWithHostPort (util.js:893:20)
    at TCPConnectWrap.afterConnect [as oncomplete] (net.js:1061:14)

[ERR!] tsd.json could not be retrieved

[ERR!] .tsdrc could not be retrieved

[ERR!] Please include the following file with any support request:
    C:\webserver\htdocs\tn\tsd-debug.log

